[0.013s] Invoking command in '/workspace/ros2_ws/build/semantic_fusion': CMAKE_PREFIX_PATH=${CMAKE_PREFIX_PATH}:/opt/ros/humble /usr/bin/cmake --build /workspace/ros2_ws/build/semantic_fusion -- -j4 -l4
[0.047s] [35m[1mConsolidate compiler generated dependencies of target fusion_node[0m
[0.114s] [ 50%] [32mBuilding CXX object CMakeFiles/fusion_node.dir/src/fusion_node.cpp.o[0m
[1.204s] [01m[K/workspace/ros2_ws/src/semantic_fusion/src/fusion_node.cpp:[m[K In member function ‘[01m[Kvoid FusionNode::detection_callback(vision_msgs::msg::Detection2DArray_<std::allocator<void> >::SharedPtr)[m[K’:
[1.204s] [01m[K/workspace/ros2_ws/src/semantic_fusion/src/fusion_node.cpp:48:33:[m[K [01;31m[Kerror: [m[K‘[01m[Kusing element_type = struct vision_msgs::msg::Detection2DArray_<std::allocator<void> >[m[K’ {aka ‘[01m[Kstruct vision_msgs::msg::Detection2DArray_<std::allocator<void> >[m[K’} has no member named ‘[01m[Kdetection[m[K’; did you mean ‘[01m[Kdetections[m[K’?
[1.205s]    48 |     for(const auto & det : msg->[01;31m[Kdetection[m[K)
[1.205s]       |                                 [01;31m[K^~~~~~~~~[m[K
[1.205s]       |                                 [32m[Kdetections[m[K
[1.206s] [01m[K/workspace/ros2_ws/src/semantic_fusion/src/fusion_node.cpp:58:7:[m[K [01;31m[Kerror: [m[K‘[01m[Kunit16_t[m[K’ was not declared in this scope; did you mean ‘[01m[Kuint16_t[m[K’?
[1.206s]    58 |       [01;31m[Kunit16_t[m[K raw_depth = ((unit16_t*)latest_depth_->data.data())[pixel_index];
[1.206s]       |       [01;31m[K^~~~~~~~[m[K
[1.206s]       |       [32m[Kuint16_t[m[K
[1.210s] [01m[K/workspace/ros2_ws/src/semantic_fusion/src/fusion_node.cpp:61:18:[m[K [01;31m[Kerror: [m[K‘[01m[Kraw_depth[m[K’ was not declared in this scope
[1.210s]    61 |       double d = [01;31m[Kraw_depth[m[K / SCALE;
[1.210s]       |                  [01;31m[K^~~~~~~~~[m[K
[1.213s] [01m[K/workspace/ros2_ws/src/semantic_fusion/src/fusion_node.cpp:67:33:[m[K [01;31m[Kerror: [m[K‘[01m[KFX[m[K’ was not declared in this scope; did you mean ‘[01m[KX[m[K’?
[1.213s]    67 |       double X = (u - CX) * d / [01;31m[KFX[m[K;
[1.213s]       |                                 [01;31m[K^~[m[K
[1.214s]       |                                 [32m[KX[m[K
[2.558s] gmake[2]: *** [CMakeFiles/fusion_node.dir/build.make:76: CMakeFiles/fusion_node.dir/src/fusion_node.cpp.o] Error 1
[2.558s] gmake[1]: *** [CMakeFiles/Makefile2:137: CMakeFiles/fusion_node.dir/all] Error 2
[2.558s] gmake: *** [Makefile:146: all] Error 2
[2.559s] Invoked command in '/workspace/ros2_ws/build/semantic_fusion' returned '2': CMAKE_PREFIX_PATH=${CMAKE_PREFIX_PATH}:/opt/ros/humble /usr/bin/cmake --build /workspace/ros2_ws/build/semantic_fusion -- -j4 -l4
