[0.009s] Invoking command in '/workspace/ros2_ws/build/semantic_fusion': CMAKE_PREFIX_PATH=${CMAKE_PREFIX_PATH}:/opt/ros/humble /usr/bin/cmake --build /workspace/ros2_ws/build/semantic_fusion -- -j4 -l4
[0.033s] [35m[1mConsolidate compiler generated dependencies of target fusion_node[0m
[0.088s] [100%] Built target fusion_node
[0.093s] Invoked command in '/workspace/ros2_ws/build/semantic_fusion' returned '0': CMAKE_PREFIX_PATH=${CMAKE_PREFIX_PATH}:/opt/ros/humble /usr/bin/cmake --build /workspace/ros2_ws/build/semantic_fusion -- -j4 -l4
[0.098s] Invoking command in '/workspace/ros2_ws/build/semantic_fusion': CMAKE_PREFIX_PATH=${CMAKE_PREFIX_PATH}:/opt/ros/humble /usr/bin/cmake --install /workspace/ros2_ws/build/semantic_fusion
[0.100s] -- Install configuration: ""
[0.101s] -- Up-to-date: /workspace/ros2_ws/install/semantic_fusion/lib/semantic_fusion/fusion_node
[0.102s] -- Up-to-date: /workspace/ros2_ws/install/semantic_fusion/share/ament_index/resource_index/package_run_dependencies/semantic_fusion
[0.102s] -- Up-to-date: /workspace/ros2_ws/install/semantic_fusion/share/ament_index/resource_index/parent_prefix_path/semantic_fusion
[0.102s] -- Up-to-date: /workspace/ros2_ws/install/semantic_fusion/share/semantic_fusion/environment/ament_prefix_path.sh
[0.103s] -- Up-to-date: /workspace/ros2_ws/install/semantic_fusion/share/semantic_fusion/environment/ament_prefix_path.dsv
[0.103s] -- Up-to-date: /workspace/ros2_ws/install/semantic_fusion/share/semantic_fusion/environment/path.sh
[0.103s] -- Up-to-date: /workspace/ros2_ws/install/semantic_fusion/share/semantic_fusion/environment/path.dsv
[0.104s] -- Up-to-date: /workspace/ros2_ws/install/semantic_fusion/share/semantic_fusion/local_setup.bash
[0.104s] -- Up-to-date: /workspace/ros2_ws/install/semantic_fusion/share/semantic_fusion/local_setup.sh
[0.104s] -- Up-to-date: /workspace/ros2_ws/install/semantic_fusion/share/semantic_fusion/local_setup.zsh
[0.105s] -- Up-to-date: /workspace/ros2_ws/install/semantic_fusion/share/semantic_fusion/local_setup.dsv
[0.105s] -- Installing: /workspace/ros2_ws/install/semantic_fusion/share/semantic_fusion/package.dsv
[0.106s] -- Up-to-date: /workspace/ros2_ws/install/semantic_fusion/share/ament_index/resource_index/packages/semantic_fusion
[0.106s] -- Up-to-date: /workspace/ros2_ws/install/semantic_fusion/share/semantic_fusion/cmake/semantic_fusionConfig.cmake
[0.106s] -- Up-to-date: /workspace/ros2_ws/install/semantic_fusion/share/semantic_fusion/cmake/semantic_fusionConfig-version.cmake
[0.107s] -- Up-to-date: /workspace/ros2_ws/install/semantic_fusion/share/semantic_fusion/package.xml
[0.109s] Invoked command in '/workspace/ros2_ws/build/semantic_fusion' returned '0': CMAKE_PREFIX_PATH=${CMAKE_PREFIX_PATH}:/opt/ros/humble /usr/bin/cmake --install /workspace/ros2_ws/build/semantic_fusion
