[0.005s] Invoking command in '/workspace/ros2_ws/build/semantic_fusion': CMAKE_PREFIX_PATH=/opt/ros/humble /usr/bin/cmake --build /workspace/ros2_ws/build/semantic_fusion -- -j4 -l4
[0.023s] -- Found ament_cmake: 1.3.13 (/opt/ros/humble/share/ament_cmake/cmake)
[0.093s] -- Found rclcpp: 16.0.18 (/opt/ros/humble/share/rclcpp/cmake)
[0.111s] -- Found rosidl_generator_c: 3.1.8 (/opt/ros/humble/share/rosidl_generator_c/cmake)
[0.113s] -- Found rosidl_adapter: 3.1.8 (/opt/ros/humble/share/rosidl_adapter/cmake)
[0.118s] -- Found rosidl_generator_cpp: 3.1.8 (/opt/ros/humble/share/rosidl_generator_cpp/cmake)
[0.124s] -- Using all available rosidl_typesupport_c: rosidl_typesupport_fastrtps_c;rosidl_typesupport_introspection_c
[0.132s] -- Using all available rosidl_typesupport_cpp: rosidl_typesupport_fastrtps_cpp;rosidl_typesupport_introspection_cpp
[0.152s] -- Found rmw_implementation_cmake: 6.1.2 (/opt/ros/humble/share/rmw_implementation_cmake/cmake)
[0.154s] -- Found rmw_fastrtps_cpp: 6.2.10 (/opt/ros/humble/share/rmw_fastrtps_cpp/cmake)
[0.201s] -- Using RMW implementation 'rmw_fastrtps_cpp' as default
[0.234s] -- Found sensor_msgs: 4.9.1 (/opt/ros/humble/share/sensor_msgs/cmake)
[0.254s] [31mCMake Error at CMakeLists.txt:7 (find_package):
[0.254s]   By not providing "Findvision_msgs.cmake" in CMAKE_MODULE_PATH this project
[0.254s]   has asked CMake to find a package configuration file provided by
[0.255s]   "vision_msgs", but CMake did not find one.
[0.255s] 
[0.257s]   Could not find a package configuration file provided by "vision_msgs" with
[0.257s]   any of the following names:
[0.258s] 
[0.258s]     vision_msgsConfig.cmake
[0.258s]     vision_msgs-config.cmake
[0.258s] 
[0.259s]   Add the installation prefix of "vision_msgs" to CMAKE_PREFIX_PATH or set
[0.259s]   "vision_msgs_DIR" to a directory containing one of the above files.  If
[0.259s]   "vision_msgs" provides a separate development package or SDK, be sure it
[0.260s]   has been installed.
[0.260s] 
[0.260s] [0m
[0.261s] -- Configuring incomplete, errors occurred!
[0.261s] See also "/workspace/ros2_ws/build/semantic_fusion/CMakeFiles/CMakeOutput.log".
[0.261s] gmake: *** [Makefile:267: cmake_check_build_system] Error 1
[0.261s] Invoked command in '/workspace/ros2_ws/build/semantic_fusion' returned '2': CMAKE_PREFIX_PATH=/opt/ros/humble /usr/bin/cmake --build /workspace/ros2_ws/build/semantic_fusion -- -j4 -l4
