[01m[K/workspace/ros2_ws/src/semantic_fusion/src/fusion_node.cpp:[m[K In member function ‘[01m[Kvoid FusionNode::depth_callback(sensor_msgs::msg::Image_<std::allocator<void> >::SharedPtr)[m[K’:
[01m[K/workspace/ros2_ws/src/semantic_fusion/src/fusion_node.cpp:27:21:[m[K [01;31m[Kerror: [m[K‘[01m[Kdepth_sub[m[K’ was not declared in this scope; did you mean ‘[01m[Kdepth_sub_[m[K’?
   27 |     latest_depth_ = [01;31m[Kdepth_sub[m[K;
      |                     [01;31m[K^~~~~~~~~[m[K
      |                     [32m[Kdepth_sub_[m[K
In file included from [01m[K/opt/ros/humble/include/rclcpp/rclcpp/logging.hpp:24[m[K,
                 from [01m[K/opt/ros/humble/include/rclcpp/rclcpp/client.hpp:40[m[K,
                 from [01m[K/opt/ros/humble/include/rclcpp/rclcpp/callback_group.hpp:24[m[K,
                 from [01m[K/opt/ros/humble/include/rclcpp/rclcpp/any_executable.hpp:20[m[K,
                 from [01m[K/opt/ros/humble/include/rclcpp/rclcpp/memory_strategy.hpp:25[m[K,
                 from [01m[K/opt/ros/humble/include/rclcpp/rclcpp/memory_strategies.hpp:18[m[K,
                 from [01m[K/opt/ros/humble/include/rclcpp/rclcpp/executor_options.hpp:20[m[K,
                 from [01m[K/opt/ros/humble/include/rclcpp/rclcpp/executor.hpp:37[m[K,
                 from [01m[K/opt/ros/humble/include/rclcpp/rclcpp/executors/multi_threaded_executor.hpp:25[m[K,
                 from [01m[K/opt/ros/humble/include/rclcpp/rclcpp/executors.hpp:21[m[K,
                 from [01m[K/opt/ros/humble/include/rclcpp/rclcpp/rclcpp.hpp:155[m[K,
                 from [01m[K/workspace/ros2_ws/src/semantic_fusion/src/fusion_node.cpp:1[m[K:
[01m[K/workspace/ros2_ws/src/semantic_fusion/src/fusion_node.cpp:[m[K In member function ‘[01m[Kvoid FusionNode::detection_callback(vision_msgs::msg::Detection2DArray_<std::allocator<void> >::SharedPtr)[m[K’:
[01m[K/workspace/ros2_ws/src/semantic_fusion/src/fusion_node.cpp:36:42:[m[K [01;31m[Kerror: [m[K‘[01m[Kusing element_type = struct vision_msgs::msg::Detection2DArray_<std::allocator<void> >[m[K’ {aka ‘[01m[Kstruct vision_msgs::msg::Detection2DArray_<std::allocator<void> >[m[K’} has no member named ‘[01m[KDetection[m[K’; did you mean ‘[01m[Kdetections[m[K’?
   36 |                                     msg->[01;31m[KDetection[m[K.size());
      |                                          [01;31m[K^~~~~~~~~[m[K
gmake[2]: *** [CMakeFiles/fusion_node.dir/build.make:76: CMakeFiles/fusion_node.dir/src/fusion_node.cpp.o] Error 1
gmake[1]: *** [CMakeFiles/Makefile2:137: CMakeFiles/fusion_node.dir/all] Error 2
gmake: *** [Makefile:146: all] Error 2
