[0.005s] Invoking command in '/workspace/ros2_ws/build/semantic_fusion': CMAKE_PREFIX_PATH=/opt/ros/humble /usr/bin/cmake --build /workspace/ros2_ws/build/semantic_fusion -- -j4 -l4
[0.021s] -- Found ament_cmake: 1.3.13 (/opt/ros/humble/share/ament_cmake/cmake)
[0.071s] -- Found rclcpp: 16.0.18 (/opt/ros/humble/share/rclcpp/cmake)
[0.082s] -- Found rosidl_generator_c: 3.1.8 (/opt/ros/humble/share/rosidl_generator_c/cmake)
[0.083s] -- Found rosidl_adapter: 3.1.8 (/opt/ros/humble/share/rosidl_adapter/cmake)
[0.086s] -- Found rosidl_generator_cpp: 3.1.8 (/opt/ros/humble/share/rosidl_generator_cpp/cmake)
[0.090s] -- Using all available rosidl_typesupport_c: rosidl_typesupport_fastrtps_c;rosidl_typesupport_introspection_c
[0.097s] -- Using all available rosidl_typesupport_cpp: rosidl_typesupport_fastrtps_cpp;rosidl_typesupport_introspection_cpp
[0.113s] -- Found rmw_implementation_cmake: 6.1.2 (/opt/ros/humble/share/rmw_implementation_cmake/cmake)
[0.114s] -- Found rmw_fastrtps_cpp: 6.2.10 (/opt/ros/humble/share/rmw_fastrtps_cpp/cmake)
[0.149s] -- Using RMW implementation 'rmw_fastrtps_cpp' as default
[0.173s] -- Found sensor_msgs: 4.9.1 (/opt/ros/humble/share/sensor_msgs/cmake)
[0.189s] -- Found vision_msgs: 4.1.1 (/opt/ros/humble/share/vision_msgs/cmake)
[0.234s] -- Configuring done
[0.251s] -- Generating done
[0.260s] -- Build files have been written to: /workspace/ros2_ws/build/semantic_fusion
[0.273s] [35m[1mConsolidate compiler generated dependencies of target fusion_node[0m
[0.331s] [ 50%] [32mBuilding CXX object CMakeFiles/fusion_node.dir/src/fusion_node.cpp.o[0m
[1.372s] [01m[K/workspace/ros2_ws/src/semantic_fusion/src/fusion_node.cpp:[m[K In member function ‘[01m[Kvoid FusionNode::depth_callback(sensor_msgs::msg::Image_<std::allocator<void> >::SharedPtr)[m[K’:
[1.372s] [01m[K/workspace/ros2_ws/src/semantic_fusion/src/fusion_node.cpp:27:21:[m[K [01;31m[Kerror: [m[K‘[01m[Kdepth_sub[m[K’ was not declared in this scope; did you mean ‘[01m[Kdepth_sub_[m[K’?
[1.372s]    27 |     latest_depth_ = [01;31m[Kdepth_sub[m[K;
[1.372s]       |                     [01;31m[K^~~~~~~~~[m[K
[1.372s]       |                     [32m[Kdepth_sub_[m[K
[1.372s] In file included from [01m[K/opt/ros/humble/include/rclcpp/rclcpp/logging.hpp:24[m[K,
[1.372s]                  from [01m[K/opt/ros/humble/include/rclcpp/rclcpp/client.hpp:40[m[K,
[1.373s]                  from [01m[K/opt/ros/humble/include/rclcpp/rclcpp/callback_group.hpp:24[m[K,
[1.373s]                  from [01m[K/opt/ros/humble/include/rclcpp/rclcpp/any_executable.hpp:20[m[K,
[1.373s]                  from [01m[K/opt/ros/humble/include/rclcpp/rclcpp/memory_strategy.hpp:25[m[K,
[1.373s]                  from [01m[K/opt/ros/humble/include/rclcpp/rclcpp/memory_strategies.hpp:18[m[K,
[1.373s]                  from [01m[K/opt/ros/humble/include/rclcpp/rclcpp/executor_options.hpp:20[m[K,
[1.373s]                  from [01m[K/opt/ros/humble/include/rclcpp/rclcpp/executor.hpp:37[m[K,
[1.373s]                  from [01m[K/opt/ros/humble/include/rclcpp/rclcpp/executors/multi_threaded_executor.hpp:25[m[K,
[1.374s]                  from [01m[K/opt/ros/humble/include/rclcpp/rclcpp/executors.hpp:21[m[K,
[1.374s]                  from [01m[K/opt/ros/humble/include/rclcpp/rclcpp/rclcpp.hpp:155[m[K,
[1.374s]                  from [01m[K/workspace/ros2_ws/src/semantic_fusion/src/fusion_node.cpp:1[m[K:
[1.374s] [01m[K/workspace/ros2_ws/src/semantic_fusion/src/fusion_node.cpp:[m[K In member function ‘[01m[Kvoid FusionNode::detection_callback(vision_msgs::msg::Detection2DArray_<std::allocator<void> >::SharedPtr)[m[K’:
[1.375s] [01m[K/workspace/ros2_ws/src/semantic_fusion/src/fusion_node.cpp:36:42:[m[K [01;31m[Kerror: [m[K‘[01m[Kusing element_type = struct vision_msgs::msg::Detection2DArray_<std::allocator<void> >[m[K’ {aka ‘[01m[Kstruct vision_msgs::msg::Detection2DArray_<std::allocator<void> >[m[K’} has no member named ‘[01m[KDetection[m[K’; did you mean ‘[01m[Kdetections[m[K’?
[1.376s]    36 |                                     msg->[01;31m[KDetection[m[K.size());
[1.376s]       |                                          [01;31m[K^~~~~~~~~[m[K
[2.678s] gmake[2]: *** [CMakeFiles/fusion_node.dir/build.make:76: CMakeFiles/fusion_node.dir/src/fusion_node.cpp.o] Error 1
[2.678s] gmake[1]: *** [CMakeFiles/Makefile2:137: CMakeFiles/fusion_node.dir/all] Error 2
[2.679s] gmake: *** [Makefile:146: all] Error 2
[2.679s] Invoked command in '/workspace/ros2_ws/build/semantic_fusion' returned '2': CMAKE_PREFIX_PATH=/opt/ros/humble /usr/bin/cmake --build /workspace/ros2_ws/build/semantic_fusion -- -j4 -l4
