[0.007s] Invoking command in '/workspace/ros2_ws/build/semantic_fusion': CMAKE_PREFIX_PATH=${CMAKE_PREFIX_PATH}:/opt/ros/humble /usr/bin/cmake --build /workspace/ros2_ws/build/semantic_fusion -- -j4 -l4
[0.031s] [ 50%] [32mBuilding CXX object CMakeFiles/fusion_node.dir/src/fusion_node.cpp.o[0m
[1.677s] [100%] [32m[1mLinking CXX executable fusion_node[0m
[1.741s] [100%] Built target fusion_node
[1.747s] Invoked command in '/workspace/ros2_ws/build/semantic_fusion' returned '0': CMAKE_PREFIX_PATH=${CMAKE_PREFIX_PATH}:/opt/ros/humble /usr/bin/cmake --build /workspace/ros2_ws/build/semantic_fusion -- -j4 -l4
[1.752s] Invoking command in '/workspace/ros2_ws/build/semantic_fusion': CMAKE_PREFIX_PATH=${CMAKE_PREFIX_PATH}:/opt/ros/humble /usr/bin/cmake --install /workspace/ros2_ws/build/semantic_fusion
[1.755s] -- Install configuration: ""
[1.756s] -- Installing: /workspace/ros2_ws/install/semantic_fusion/lib/semantic_fusion/fusion_node
[1.758s] -- Set runtime path of "/workspace/ros2_ws/install/semantic_fusion/lib/semantic_fusion/fusion_node" to ""
[1.758s] -- Up-to-date: /workspace/ros2_ws/install/semantic_fusion/share/ament_index/resource_index/package_run_dependencies/semantic_fusion
[1.758s] -- Up-to-date: /workspace/ros2_ws/install/semantic_fusion/share/ament_index/resource_index/parent_prefix_path/semantic_fusion
[1.758s] -- Up-to-date: /workspace/ros2_ws/install/semantic_fusion/share/semantic_fusion/environment/ament_prefix_path.sh
[1.758s] -- Up-to-date: /workspace/ros2_ws/install/semantic_fusion/share/semantic_fusion/environment/ament_prefix_path.dsv
[1.759s] -- Up-to-date: /workspace/ros2_ws/install/semantic_fusion/share/semantic_fusion/environment/path.sh
[1.759s] -- Up-to-date: /workspace/ros2_ws/install/semantic_fusion/share/semantic_fusion/environment/path.dsv
[1.759s] -- Up-to-date: /workspace/ros2_ws/install/semantic_fusion/share/semantic_fusion/local_setup.bash
[1.760s] -- Up-to-date: /workspace/ros2_ws/install/semantic_fusion/share/semantic_fusion/local_setup.sh
[1.760s] -- Up-to-date: /workspace/ros2_ws/install/semantic_fusion/share/semantic_fusion/local_setup.zsh
[1.761s] -- Up-to-date: /workspace/ros2_ws/install/semantic_fusion/share/semantic_fusion/local_setup.dsv
[1.761s] -- Installing: /workspace/ros2_ws/install/semantic_fusion/share/semantic_fusion/package.dsv
[1.762s] -- Up-to-date: /workspace/ros2_ws/install/semantic_fusion/share/ament_index/resource_index/packages/semantic_fusion
[1.762s] -- Up-to-date: /workspace/ros2_ws/install/semantic_fusion/share/semantic_fusion/cmake/semantic_fusionConfig.cmake
[1.762s] -- Up-to-date: /workspace/ros2_ws/install/semantic_fusion/share/semantic_fusion/cmake/semantic_fusionConfig-version.cmake
[1.763s] -- Up-to-date: /workspace/ros2_ws/install/semantic_fusion/share/semantic_fusion/package.xml
[1.764s] Invoked command in '/workspace/ros2_ws/build/semantic_fusion' returned '0': CMAKE_PREFIX_PATH=${CMAKE_PREFIX_PATH}:/opt/ros/humble /usr/bin/cmake --install /workspace/ros2_ws/build/semantic_fusion
