[0.007s] Invoking command in '/workspace/ros2_ws/build/semantic_fusion': CMAKE_PREFIX_PATH=/opt/ros/humble /usr/bin/cmake --build /workspace/ros2_ws/build/semantic_fusion -- -j4 -l4
[0.045s] [ 50%] [32mBuilding CXX object CMakeFiles/fusion_node.dir/src/fusion_node.cpp.o[0m
[5.473s] [100%] [32m[1mLinking CXX executable fusion_node[0m
[5.860s] [100%] Built target fusion_node
[5.865s] Invoked command in '/workspace/ros2_ws/build/semantic_fusion' returned '0': CMAKE_PREFIX_PATH=/opt/ros/humble /usr/bin/cmake --build /workspace/ros2_ws/build/semantic_fusion -- -j4 -l4
[5.871s] Invoking command in '/workspace/ros2_ws/build/semantic_fusion': CMAKE_PREFIX_PATH=/opt/ros/humble /usr/bin/cmake --install /workspace/ros2_ws/build/semantic_fusion
[5.874s] -- Install configuration: ""
[5.875s] -- Installing: /workspace/ros2_ws/install/semantic_fusion/lib/semantic_fusion/fusion_node
[5.918s] -- Set runtime path of "/workspace/ros2_ws/install/semantic_fusion/lib/semantic_fusion/fusion_node" to ""
[5.920s] -- Up-to-date: /workspace/ros2_ws/install/semantic_fusion/share/ament_index/resource_index/package_run_dependencies/semantic_fusion
[5.920s] -- Up-to-date: /workspace/ros2_ws/install/semantic_fusion/share/ament_index/resource_index/parent_prefix_path/semantic_fusion
[5.920s] -- Up-to-date: /workspace/ros2_ws/install/semantic_fusion/share/semantic_fusion/environment/ament_prefix_path.sh
[5.921s] -- Up-to-date: /workspace/ros2_ws/install/semantic_fusion/share/semantic_fusion/environment/ament_prefix_path.dsv
[5.922s] -- Up-to-date: /workspace/ros2_ws/install/semantic_fusion/share/semantic_fusion/environment/path.sh
[5.922s] -- Up-to-date: /workspace/ros2_ws/install/semantic_fusion/share/semantic_fusion/environment/path.dsv
[5.922s] -- Up-to-date: /workspace/ros2_ws/install/semantic_fusion/share/semantic_fusion/local_setup.bash
[5.923s] -- Up-to-date: /workspace/ros2_ws/install/semantic_fusion/share/semantic_fusion/local_setup.sh
[5.923s] -- Up-to-date: /workspace/ros2_ws/install/semantic_fusion/share/semantic_fusion/local_setup.zsh
[5.923s] -- Up-to-date: /workspace/ros2_ws/install/semantic_fusion/share/semantic_fusion/local_setup.dsv
[5.924s] -- Installing: /workspace/ros2_ws/install/semantic_fusion/share/semantic_fusion/package.dsv
[5.925s] -- Up-to-date: /workspace/ros2_ws/install/semantic_fusion/share/ament_index/resource_index/packages/semantic_fusion
[5.925s] -- Up-to-date: /workspace/ros2_ws/install/semantic_fusion/share/semantic_fusion/cmake/semantic_fusionConfig.cmake
[5.926s] -- Up-to-date: /workspace/ros2_ws/install/semantic_fusion/share/semantic_fusion/cmake/semantic_fusionConfig-version.cmake
[5.926s] -- Up-to-date: /workspace/ros2_ws/install/semantic_fusion/share/semantic_fusion/package.xml
[5.927s] Invoked command in '/workspace/ros2_ws/build/semantic_fusion' returned '0': CMAKE_PREFIX_PATH=/opt/ros/humble /usr/bin/cmake --install /workspace/ros2_ws/build/semantic_fusion
