[0.006s] Invoking command in '/workspace/ros2_ws/build/semantic_fusion': CMAKE_PREFIX_PATH=/opt/ros/humble /usr/bin/cmake --build /workspace/ros2_ws/build/semantic_fusion -- -j4 -l4
[0.026s] [35m[1mConsolidate compiler generated dependencies of target fusion_node[0m
[0.089s] [ 50%] [32mBuilding CXX object CMakeFiles/fusion_node.dir/src/fusion_node.cpp.o[0m
[1.004s] [01m[K/workspace/ros2_ws/src/semantic_fusion/src/fusion_node.cpp:[m[K In member function ‘[01m[Kvoid FusionNode::depth_callback(sensor_msgs::msg::Image_<std::allocator<void> >::SharedPtr)[m[K’:
[1.004s] [01m[K/workspace/ros2_ws/src/semantic_fusion/src/fusion_node.cpp:27:21:[m[K [01;31m[Kerror: [m[Kno match for ‘[01m[Koperator=[m[K’ (operand types are ‘[01m[Ksensor_msgs::msg::Image_<std::allocator<void> >::SharedPtr[m[K’ {aka ‘[01m[Kstd::shared_ptr<sensor_msgs::msg::Image_<std::allocator<void> > >[m[K’} and ‘[01m[Krclcpp::Subscription<sensor_msgs::msg::Image_<std::allocator<void> > >::SharedPtr[m[K’ {aka ‘[01m[Kstd::shared_ptr<rclcpp::Subscription<sensor_msgs::msg::Image_<std::allocator<void> > > >[m[K’})
[1.010s]    27 |     latest_depth_ = [01;31m[Kdepth_sub_[m[K;
[1.010s]       |                     [01;31m[K^~~~~~~~~~[m[K
[1.010s] In file included from [01m[K/usr/include/c++/11/memory:77[m[K,
[1.010s]                  from [01m[K/opt/ros/humble/include/rclcpp/rclcpp/rclcpp.hpp:153[m[K,
[1.011s]                  from [01m[K/workspace/ros2_ws/src/semantic_fusion/src/fusion_node.cpp:1[m[K:
[1.011s] [01m[K/usr/include/c++/11/bits/shared_ptr.h:363:9:[m[K [01;36m[Knote: [m[Kcandidate: ‘[01m[Ktemplate<class _Yp> std::shared_ptr<_Tp>::_Assignable<const std::shared_ptr<_Yp>&> std::shared_ptr<_Tp>::operator=(const std::shared_ptr<_Yp>&) [with _Yp = _Yp; _Tp = sensor_msgs::msg::Image_<std::allocator<void> >][m[K’
[1.011s]   363 |         [01;36m[Koperator[m[K=(const shared_ptr<_Yp>& __r) noexcept
[1.011s]       |         [01;36m[K^~~~~~~~[m[K
[1.011s] [01m[K/usr/include/c++/11/bits/shared_ptr.h:363:9:[m[K [01;36m[Knote: [m[K  template argument deduction/substitution failed:
[1.011s] /usr/include/c++/11/bits/shared_ptr.h: In substitution of ‘[01m[Ktemplate<class _Tp> template<class _Arg> using _Assignable = typename std::enable_if<std::is_assignable<std::__shared_ptr<_Tp>&, _Arg>::value, std::shared_ptr<_Tp>&>::type [with _Arg = const std::shared_ptr<rclcpp::Subscription<sensor_msgs::msg::Image_<std::allocator<void> > > >&; _Tp = sensor_msgs::msg::Image_<std::allocator<void> >][m[K’:
[1.011s] [01m[K/usr/include/c++/11/bits/shared_ptr.h:363:2:[m[K   required by substitution of ‘[01m[Ktemplate<class _Yp> std::shared_ptr<sensor_msgs::msg::Image_<std::allocator<void> > >::_Assignable<const std::shared_ptr<_Tp>&> std::shared_ptr<sensor_msgs::msg::Image_<std::allocator<void> > >::operator=<_Yp>(const std::shared_ptr<_Tp>&) [with _Yp = rclcpp::Subscription<sensor_msgs::msg::Image_<std::allocator<void> > >][m[K’
[1.012s] [01m[K/workspace/ros2_ws/src/semantic_fusion/src/fusion_node.cpp:27:21:[m[K   required from here
[1.012s] [01m[K/usr/include/c++/11/bits/shared_ptr.h:130:15:[m[K [01;31m[Kerror: [m[Kno type named ‘[01m[Ktype[m[K’ in ‘[01m[Kstruct std::enable_if<false, std::shared_ptr<sensor_msgs::msg::Image_<std::allocator<void> > >&>[m[K’
[1.012s]   130 |         using [01;31m[K_Assignable[m[K = typename enable_if<
[1.012s]       |               [01;31m[K^~~~~~~~~~~[m[K
[1.012s] [01m[K/usr/include/c++/11/bits/shared_ptr.h:374:9:[m[K [01;36m[Knote: [m[Kcandidate: ‘[01m[Ktemplate<class _Yp> std::shared_ptr<_Tp>::_Assignable<std::auto_ptr<_Up> > std::shared_ptr<_Tp>::operator=(std::auto_ptr<_Up>&&) [with _Yp = _Yp; _Tp = sensor_msgs::msg::Image_<std::allocator<void> >][m[K’
[1.012s]   374 |         [01;36m[Koperator[m[K=(auto_ptr<_Yp>&& __r)
[1.012s]       |         [01;36m[K^~~~~~~~[m[K
[1.012s] [01m[K/usr/include/c++/11/bits/shared_ptr.h:374:9:[m[K [01;36m[Knote: [m[K  template argument deduction/substitution failed:
[1.013s] [01m[K/workspace/ros2_ws/src/semantic_fusion/src/fusion_node.cpp:27:21:[m[K [01;36m[Knote: [m[K  ‘[01m[Krclcpp::Subscription<sensor_msgs::msg::Image_<std::allocator<void> > >::SharedPtr[m[K’ {aka ‘[01m[Kstd::shared_ptr<rclcpp::Subscription<sensor_msgs::msg::Image_<std::allocator<void> > > >[m[K’} is not derived from ‘[01m[Kstd::auto_ptr<_Up>[m[K’
[1.013s]    27 |     latest_depth_ = [01;36m[Kdepth_sub_[m[K;
[1.013s]       |                     [01;36m[K^~~~~~~~~~[m[K
[1.013s] In file included from [01m[K/usr/include/c++/11/memory:77[m[K,
[1.013s]                  from [01m[K/opt/ros/humble/include/rclcpp/rclcpp/rclcpp.hpp:153[m[K,
[1.013s]                  from [01m[K/workspace/ros2_ws/src/semantic_fusion/src/fusion_node.cpp:1[m[K:
[1.013s] [01m[K/usr/include/c++/11/bits/shared_ptr.h:391:9:[m[K [01;36m[Knote: [m[Kcandidate: ‘[01m[Ktemplate<class _Yp> std::shared_ptr<_Tp>::_Assignable<std::shared_ptr<_Yp> > std::shared_ptr<_Tp>::operator=(std::shared_ptr<_Yp>&&) [with _Yp = _Yp; _Tp = sensor_msgs::msg::Image_<std::allocator<void> >][m[K’
[1.014s]   391 |         [01;36m[Koperator[m[K=(shared_ptr<_Yp>&& __r) noexcept
[1.014s]       |         [01;36m[K^~~~~~~~[m[K
[1.014s] [01m[K/usr/include/c++/11/bits/shared_ptr.h:391:9:[m[K [01;36m[Knote: [m[K  template argument deduction/substitution failed:
[1.014s] /usr/include/c++/11/bits/shared_ptr.h: In substitution of ‘[01m[Ktemplate<class _Tp> template<class _Arg> using _Assignable = typename std::enable_if<std::is_assignable<std::__shared_ptr<_Tp>&, _Arg>::value, std::shared_ptr<_Tp>&>::type [with _Arg = std::shared_ptr<rclcpp::Subscription<sensor_msgs::msg::Image_<std::allocator<void> > > >; _Tp = sensor_msgs::msg::Image_<std::allocator<void> >][m[K’:
[1.014s] [01m[K/usr/include/c++/11/bits/shared_ptr.h:391:2:[m[K   required by substitution of ‘[01m[Ktemplate<class _Yp> std::shared_ptr<sensor_msgs::msg::Image_<std::allocator<void> > >::_Assignable<std::shared_ptr<_Tp> > std::shared_ptr<sensor_msgs::msg::Image_<std::allocator<void> > >::operator=<_Yp>(std::shared_ptr<_Tp>&&) [with _Yp = rclcpp::Subscription<sensor_msgs::msg::Image_<std::allocator<void> > >][m[K’
[1.014s] [01m[K/workspace/ros2_ws/src/semantic_fusion/src/fusion_node.cpp:27:21:[m[K   required from here
[1.014s] [01m[K/usr/include/c++/11/bits/shared_ptr.h:130:15:[m[K [01;31m[Kerror: [m[Kno type named ‘[01m[Ktype[m[K’ in ‘[01m[Kstruct std::enable_if<false, std::shared_ptr<sensor_msgs::msg::Image_<std::allocator<void> > >&>[m[K’
[1.015s]   130 |         using [01;31m[K_Assignable[m[K = typename enable_if<
[1.017s]       |               [01;31m[K^~~~~~~~~~~[m[K
[1.017s] [01m[K/usr/include/c++/11/bits/shared_ptr.h:399:9:[m[K [01;36m[Knote: [m[Kcandidate: ‘[01m[Ktemplate<class _Yp, class _Del> std::shared_ptr<_Tp>::_Assignable<std::unique_ptr<_Up, _Ep> > std::shared_ptr<_Tp>::operator=(std::unique_ptr<_Up, _Ep>&&) [with _Yp = _Yp; _Del = _Del; _Tp = sensor_msgs::msg::Image_<std::allocator<void> >][m[K’
[1.017s]   399 |         [01;36m[Koperator[m[K=(unique_ptr<_Yp, _Del>&& __r)
[1.017s]       |         [01;36m[K^~~~~~~~[m[K
[1.017s] [01m[K/usr/include/c++/11/bits/shared_ptr.h:399:9:[m[K [01;36m[Knote: [m[K  template argument deduction/substitution failed:
[1.018s] [01m[K/workspace/ros2_ws/src/semantic_fusion/src/fusion_node.cpp:27:21:[m[K [01;36m[Knote: [m[K  ‘[01m[Krclcpp::Subscription<sensor_msgs::msg::Image_<std::allocator<void> > >::SharedPtr[m[K’ {aka ‘[01m[Kstd::shared_ptr<rclcpp::Subscription<sensor_msgs::msg::Image_<std::allocator<void> > > >[m[K’} is not derived from ‘[01m[Kstd::unique_ptr<_Tp, _Dp>[m[K’
[1.018s]    27 |     latest_depth_ = [01;36m[Kdepth_sub_[m[K;
[1.018s]       |                     [01;36m[K^~~~~~~~~~[m[K
[1.018s] In file included from [01m[K/usr/include/c++/11/memory:77[m[K,
[1.018s]                  from [01m[K/opt/ros/humble/include/rclcpp/rclcpp/rclcpp.hpp:153[m[K,
[1.018s]                  from [01m[K/workspace/ros2_ws/src/semantic_fusion/src/fusion_node.cpp:1[m[K:
[1.018s] [01m[K/usr/include/c++/11/bits/shared_ptr.h:359:19:[m[K [01;36m[Knote: [m[Kcandidate: ‘[01m[Kstd::shared_ptr<_Tp>& std::shared_ptr<_Tp>::operator=(const std::shared_ptr<_Tp>&) [with _Tp = sensor_msgs::msg::Image_<std::allocator<void> >][m[K’
[1.019s]   359 |       shared_ptr& [01;36m[Koperator[m[K=(const shared_ptr&) noexcept = default;
[1.019s]       |                   [01;36m[K^~~~~~~~[m[K
[1.019s] [01m[K/usr/include/c++/11/bits/shared_ptr.h:359:29:[m[K [01;36m[Knote: [m[K  no known conversion for argument 1 from ‘[01m[Krclcpp::Subscription<sensor_msgs::msg::Image_<std::allocator<void> > >::SharedPtr[m[K’ {aka ‘[01m[Kstd::shared_ptr<rclcpp::Subscription<sensor_msgs::msg::Image_<std::allocator<void> > > >[m[K’} to ‘[01m[Kconst std::shared_ptr<sensor_msgs::msg::Image_<std::allocator<void> > >&[m[K’
[1.019s]   359 |       shared_ptr& operator=([01;36m[Kconst shared_ptr&[m[K) noexcept = default;
[1.019s]       |                             [01;36m[K^~~~~~~~~~~~~~~~~[m[K
[1.021s] [01m[K/usr/include/c++/11/bits/shared_ptr.h:383:7:[m[K [01;36m[Knote: [m[Kcandidate: ‘[01m[Kstd::shared_ptr<_Tp>& std::shared_ptr<_Tp>::operator=(std::shared_ptr<_Tp>&&) [with _Tp = sensor_msgs::msg::Image_<std::allocator<void> >][m[K’
[1.021s]   383 |       [01;36m[Koperator[m[K=(shared_ptr&& __r) noexcept
[1.021s]       |       [01;36m[K^~~~~~~~[m[K
[1.021s] [01m[K/usr/include/c++/11/bits/shared_ptr.h:383:30:[m[K [01;36m[Knote: [m[K  no known conversion for argument 1 from ‘[01m[Krclcpp::Subscription<sensor_msgs::msg::Image_<std::allocator<void> > >::SharedPtr[m[K’ {aka ‘[01m[Kstd::shared_ptr<rclcpp::Subscription<sensor_msgs::msg::Image_<std::allocator<void> > > >[m[K’} to ‘[01m[Kstd::shared_ptr<sensor_msgs::msg::Image_<std::allocator<void> > >&&[m[K’
[1.021s]   383 |       operator=([01;36m[Kshared_ptr&& __r[m[K) noexcept
[1.022s]       |                 [01;36m[K~~~~~~~~~~~~~^~~[m[K
[2.206s] gmake[2]: *** [CMakeFiles/fusion_node.dir/build.make:76: CMakeFiles/fusion_node.dir/src/fusion_node.cpp.o] Error 1
[2.207s] gmake[1]: *** [CMakeFiles/Makefile2:137: CMakeFiles/fusion_node.dir/all] Error 2
[2.207s] gmake: *** [Makefile:146: all] Error 2
[2.208s] Invoked command in '/workspace/ros2_ws/build/semantic_fusion' returned '2': CMAKE_PREFIX_PATH=/opt/ros/humble /usr/bin/cmake --build /workspace/ros2_ws/build/semantic_fusion -- -j4 -l4
