[0.007s] Invoking command in '/workspace/ros2_ws/build/semantic_fusion': CMAKE_PREFIX_PATH=/opt/ros/humble /usr/bin/cmake --build /workspace/ros2_ws/build/semantic_fusion -- -j4 -l4
[0.042s] [100%] Built target fusion_node
[0.047s] Invoked command in '/workspace/ros2_ws/build/semantic_fusion' returned '0': CMAKE_PREFIX_PATH=/opt/ros/humble /usr/bin/cmake --build /workspace/ros2_ws/build/semantic_fusion -- -j4 -l4
[0.052s] Invoking command in '/workspace/ros2_ws/build/semantic_fusion': CMAKE_PREFIX_PATH=/opt/ros/humble /usr/bin/cmake --install /workspace/ros2_ws/build/semantic_fusion
[0.058s] -- Install configuration: ""
[0.058s] -- Up-to-date: /workspace/ros2_ws/install/semantic_fusion/lib/semantic_fusion/fusion_node
[0.059s] -- Up-to-date: /workspace/ros2_ws/install/semantic_fusion/share/ament_index/resource_index/package_run_dependencies/semantic_fusion
[0.059s] -- Up-to-date: /workspace/ros2_ws/install/semantic_fusion/share/ament_index/resource_index/parent_prefix_path/semantic_fusion
[0.060s] -- Up-to-date: /workspace/ros2_ws/install/semantic_fusion/share/semantic_fusion/environment/ament_prefix_path.sh
[0.060s] -- Up-to-date: /workspace/ros2_ws/install/semantic_fusion/share/semantic_fusion/environment/ament_prefix_path.dsv
[0.060s] -- Up-to-date: /workspace/ros2_ws/install/semantic_fusion/share/semantic_fusion/environment/path.sh
[0.060s] -- Up-to-date: /workspace/ros2_ws/install/semantic_fusion/share/semantic_fusion/environment/path.dsv
[0.061s] -- Up-to-date: /workspace/ros2_ws/install/semantic_fusion/share/semantic_fusion/local_setup.bash
[0.061s] -- Up-to-date: /workspace/ros2_ws/install/semantic_fusion/share/semantic_fusion/local_setup.sh
[0.061s] -- Up-to-date: /workspace/ros2_ws/install/semantic_fusion/share/semantic_fusion/local_setup.zsh
[0.061s] -- Up-to-date: /workspace/ros2_ws/install/semantic_fusion/share/semantic_fusion/local_setup.dsv
[0.062s] -- Up-to-date: /workspace/ros2_ws/install/semantic_fusion/share/semantic_fusion/package.dsv
[0.062s] -- Up-to-date: /workspace/ros2_ws/install/semantic_fusion/share/ament_index/resource_index/packages/semantic_fusion
[0.062s] -- Up-to-date: /workspace/ros2_ws/install/semantic_fusion/share/semantic_fusion/cmake/semantic_fusionConfig.cmake
[0.063s] -- Up-to-date: /workspace/ros2_ws/install/semantic_fusion/share/semantic_fusion/cmake/semantic_fusionConfig-version.cmake
[0.063s] -- Up-to-date: /workspace/ros2_ws/install/semantic_fusion/share/semantic_fusion/package.xml
[0.066s] Invoked command in '/workspace/ros2_ws/build/semantic_fusion' returned '0': CMAKE_PREFIX_PATH=/opt/ros/humble /usr/bin/cmake --install /workspace/ros2_ws/build/semantic_fusion
